<?xml version="1.0" encoding="UTF-8"?>
<!-- Generated by org.testng.reporters.JUnitXMLReporter -->
<testsuite hostname="NBSG0005A0-TP" failures="0" tests="4" name="Default test" time="7.735" errors="0" timestamp="11 May 2021 05:49:10 GMT">
  <testcase classname="RestAssure2.TestCase1" name="postTeacher" time="5.894"/>
  <testcase classname="RestAssure2.TestCase1" name="postTeacher" time="0.142"/>
  <testcase classname="RestAssure2.TestCase1" name="postTeacher" time="0.091"/>
  <testcase classname="RestAssure2.TestCase1" name="postTeacher" time="0.101"/>
</testsuite> <!-- Default test -->
