<?xml version="1.0" encoding="UTF-8"?>
<testng-results total="4" passed="4" failed="0" skipped="0">
  <reporter-output>
  </reporter-output>
  <suite started-at="2021-05-11T05:49:02Z" name="Default suite" finished-at="2021-05-11T05:49:10Z" duration-ms="7735">
    <groups>
    </groups>
    <test started-at="2021-05-11T05:49:02Z" name="Default test" finished-at="2021-05-11T05:49:10Z" duration-ms="7735">
      <class name="RestAssure2.TestCase1">
        <test-method signature="postTeacher(java.lang.String, java.lang.String, java.lang.String)[pri:0, instance:RestAssure2.TestCase1@5e403b4a]" started-at="2021-05-11T11:19:04Z" name="postTeacher" data-provider="dataProvider1" finished-at="2021-05-11T11:19:09Z" duration-ms="5894" status="PASS">
          <params>
            <param index="0">
              <value>
                <![CDATA[New1]]>
              </value>
            </param>
            <param index="1">
              <value>
                <![CDATA[New 2]]>
              </value>
            </param>
            <param index="2">
              <value>
                <![CDATA[New 3]]>
              </value>
            </param>
          </params>
          <reporter-output>
          </reporter-output>
        </test-method> <!-- postTeacher -->
        <test-method signature="postTeacher(java.lang.String, java.lang.String, java.lang.String)[pri:0, instance:RestAssure2.TestCase1@5e403b4a]" started-at="2021-05-11T11:19:09Z" name="postTeacher" data-provider="dataProvider1" finished-at="2021-05-11T11:19:10Z" duration-ms="142" status="PASS">
          <params>
            <param index="0">
              <value>
                <![CDATA[cat ]]>
              </value>
            </param>
            <param index="1">
              <value>
                <![CDATA[dog]]>
              </value>
            </param>
            <param index="2">
              <value>
                <![CDATA[fox]]>
              </value>
            </param>
          </params>
          <reporter-output>
          </reporter-output>
        </test-method> <!-- postTeacher -->
        <test-method signature="postTeacher(java.lang.String, java.lang.String, java.lang.String)[pri:0, instance:RestAssure2.TestCase1@5e403b4a]" started-at="2021-05-11T11:19:10Z" name="postTeacher" data-provider="dataProvider1" finished-at="2021-05-11T11:19:10Z" duration-ms="91" status="PASS">
          <params>
            <param index="0">
              <value>
                <![CDATA[maous ]]>
              </value>
            </param>
            <param index="1">
              <value>
                <![CDATA[rat]]>
              </value>
            </param>
            <param index="2">
              <value>
                <![CDATA[owl]]>
              </value>
            </param>
          </params>
          <reporter-output>
          </reporter-output>
        </test-method> <!-- postTeacher -->
        <test-method signature="postTeacher(java.lang.String, java.lang.String, java.lang.String)[pri:0, instance:RestAssure2.TestCase1@5e403b4a]" started-at="2021-05-11T11:19:10Z" name="postTeacher" data-provider="dataProvider1" finished-at="2021-05-11T11:19:10Z" duration-ms="101" status="PASS">
          <params>
            <param index="0">
              <value>
                <![CDATA[mat ]]>
              </value>
            </param>
            <param index="1">
              <value>
                <![CDATA[gsr]]>
              </value>
            </param>
            <param index="2">
              <value>
                <![CDATA[ox]]>
              </value>
            </param>
          </params>
          <reporter-output>
          </reporter-output>
        </test-method> <!-- postTeacher -->
      </class> <!-- RestAssure2.TestCase1 -->
    </test> <!-- Default test -->
  </suite> <!-- Default suite -->
</testng-results>
